kate(12470)/kdecore (services) KMimeTypeFactory::parseMagic: Now parsing  "/usr/share/mime/magic"
kate(12470)/kdecore (services) KMimeTypeFactory::parseMagic: Now parsing  "/home/rakadam/.local/share/mime/magic"
kate(12470)/kdecore (KLibrary) findLibraryInternal: plugins should not have a 'lib' prefix: "libkonsolepart.so"
kate(12470)/kdeui (kdelibs): Attempt to use QAction "change-profile" with KXMLGUIFactory! 
kate(12470)/kdeui (kdelibs): Attempt to use QAction "manage-profiles" with KXMLGUIFactory! 
kate(12470)/Kate KateLayoutCache::relayoutLines: start 2147483647 before end 0 
kate(12470)/Kate KateLayoutCache::relayoutLines: start 2147483647 before end 0 
kate(12470)/Kate KateLayoutCache::relayoutLines: start 2147483647 before end 0 
kate(12470)/Kate KateLayoutCache::relayoutLines: start 2147483647 before end 0 
kate(12470)/Kate KateLayoutCache::relayoutLines: start 2147483647 before end 0 
kate(5872)/kdecore (services) KMimeTypeFactory::parseMagic: Now parsing  "/usr/share/mime/magic"
kate(5872)/kdecore (services) KMimeTypeFactory::parseMagic: Now parsing  "/home/rakadam/.local/share/mime/magic"
kate(5872)/kdecore (KLibrary) findLibraryInternal: plugins should not have a 'lib' prefix: "libkonsolepart.so"
kate(5872)/kdeui (kdelibs): Attempt to use QAction "change-profile" with KXMLGUIFactory! 
kate(5872)/kdeui (kdelibs): Attempt to use QAction "manage-profiles" with KXMLGUIFactory! 
kate(5872)/Kate KateLayoutCache::relayoutLines: start 2147483647 before end 0 
kate(5523)/kdecore (services) KMimeTypeFactory::parseMagic: Now parsing  "/usr/share/mime/magic"
kate(5523)/kdecore (services) KMimeTypeFactory::parseMagic: Now parsing  "/home/rakadam/.local/share/mime/magic"
kate(5523)/kdecore (KLibrary) findLibraryInternal: plugins should not have a 'lib' prefix: "libkonsolepart.so"
kate(5523)/kdeui (kdelibs): Attempt to use QAction "change-profile" with KXMLGUIFactory! 
kate(5523)/kdeui (kdelibs): Attempt to use QAction "manage-profiles" with KXMLGUIFactory! 
kate(5826)/kdecore (services) KMimeTypeFactory::parseMagic: Now parsing  "/usr/share/mime/magic"
kate(5826)/kdecore (services) KMimeTypeFactory::parseMagic: Now parsing  "/home/rakadam/.local/share/mime/magic"
kate(5826)/kdecore (KLibrary) findLibraryInternal: plugins should not have a 'lib' prefix: "libkonsolepart.so"
